# JRE version: Java(TM) SE Runtime Environment (8.0_202-b08) (build 1.8.0_202-b08)
# Java VM: Java HotSpot(TM) 64-Bit Server VM (25.202-b08 mixed mode windows-amd64 compressed oops)
Heap:
 PSYoungGen      total 529408K, used 433565K [0x00000000d5580000, 0x00000000fbf80000, 0x0000000100000000)
  eden space 435200K, 93% used [0x00000000d5580000,0x00000000ee2d3090,0x00000000efe80000)
  from space 94208K, 28% used [0x00000000f6380000,0x00000000f7d945a0,0x00000000fbf80000)
  to   space 98816K, 0% used [0x00000000efe80000,0x00000000efe80000,0x00000000f5f00000)
 ParOldGen       total 264192K, used 195104K [0x0000000080000000, 0x0000000090200000, 0x00000000d5580000)
  object space 264192K, 73% used [0x0000000080000000,0x000000008be88358,0x0000000090200000)
 Metaspace       used 121983K, capacity 129392K, committed 129664K, reserved 1161216K
  class space    used 16084K, capacity 17457K, committed 17536K, reserved 1048576K
GC Heap History (10 events):
Event: 1571.587 GC heap before
{Heap before GC invocations=44 (full 4):
 PSYoungGen      total 483840K, used 440804K [0x00000000d5580000, 0x00000000f9c80000, 0x0000000100000000)
  eden space 375296K, 100% used [0x00000000d5580000,0x00000000ec400000,0x00000000ec400000)
  from space 108544K, 60% used [0x00000000ec400000,0x00000000f03f93a8,0x00000000f2e00000)
  to   space 104448K, 0% used [0x00000000f2e00000,0x00000000f2e00000,0x00000000f9400000)
 ParOldGen       total 264192K, used 135532K [0x0000000080000000, 0x0000000090200000, 0x00000000d5580000)
  object space 264192K, 51% used [0x0000000080000000,0x000000008845b158,0x0000000090200000)
 Metaspace       used 121834K, capacity 129210K, committed 129408K, reserved 1161216K
  class space    used 16078K, capacity 17450K, committed 17536K, reserved 1048576K
Event: 1571.708 GC heap after
Heap after GC invocations=44 (full 4):
 PSYoungGen      total 479744K, used 39511K [0x00000000d5580000, 0x00000000f9c80000, 0x0000000100000000)
  eden space 375296K, 0% used [0x00000000d5580000,0x00000000d5580000,0x00000000ec400000)
  from space 104448K, 37% used [0x00000000f2e00000,0x00000000f5495ca8,0x00000000f9400000)
  to   space 108544K, 0% used [0x00000000ec400000,0x00000000ec400000,0x00000000f2e00000)
 ParOldGen       total 264192K, used 165697K [0x0000000080000000, 0x0000000090200000, 0x00000000d5580000)
  object space 264192K, 62% used [0x0000000080000000,0x000000008a1d0440,0x0000000090200000)
 Metaspace       used 121834K, capacity 129210K, committed 129408K, reserved 1161216K
  class space    used 16078K, capacity 17450K, committed 17536K, reserved 1048576K
}
Event: 1572.258 GC heap before
{Heap before GC invocations=45 (full 4):
 PSYoungGen      total 479744K, used 414807K [0x00000000d5580000, 0x00000000f9c80000, 0x0000000100000000)
  eden space 375296K, 100% used [0x00000000d5580000,0x00000000ec400000,0x00000000ec400000)
  from space 104448K, 37% used [0x00000000f2e00000,0x00000000f5495ca8,0x00000000f9400000)
  to   space 108544K, 0% used [0x00000000ec400000,0x00000000ec400000,0x00000000f2e00000)
 ParOldGen       total 264192K, used 165697K [0x0000000080000000, 0x0000000090200000, 0x00000000d5580000)
  object space 264192K, 62% used [0x0000000080000000,0x000000008a1d0440,0x0000000090200000)
 Metaspace       used 121841K, capacity 129210K, committed 129408K, reserved 1161216K
  class space    used 16078K, capacity 17450K, committed 17536K, reserved 1048576K
Event: 1572.295 GC heap after
Heap after GC invocations=45 (full 4):
 PSYoungGen      total 483840K, used 30727K [0x00000000d5580000, 0x00000000fc780000, 0x0000000100000000)
  eden space 375296K, 0% used [0x00000000d5580000,0x00000000d5580000,0x00000000ec400000)
  from space 108544K, 28% used [0x00000000ec400000,0x00000000ee201e70,0x00000000f2e00000)
  to   space 102400K, 0% used [0x00000000f6380000,0x00000000f6380000,0x00000000fc780000)
 ParOldGen       total 264192K, used 175127K [0x0000000080000000, 0x0000000090200000, 0x00000000d5580000)
  object space 264192K, 66% used [0x0000000080000000,0x000000008ab05e38,0x0000000090200000)
 Metaspace       used 121841K, capacity 129210K, committed 129408K, reserved 1161216K
  class space    used 16078K, capacity 17450K, committed 17536K, reserved 1048576K
}
Event: 1573.063 GC heap before
{Heap before GC invocations=46 (full 4):
 PSYoungGen      total 483840K, used 406023K [0x00000000d5580000, 0x00000000fc780000, 0x0000000100000000)
  eden space 375296K, 100% used [0x00000000d5580000,0x00000000ec400000,0x00000000ec400000)
  from space 108544K, 28% used [0x00000000ec400000,0x00000000ee201e70,0x00000000f2e00000)
  to   space 102400K, 0% used [0x00000000f6380000,0x00000000f6380000,0x00000000fc780000)
 ParOldGen       total 264192K, used 175127K [0x0000000080000000, 0x0000000090200000, 0x00000000d5580000)
  object space 264192K, 66% used [0x0000000080000000,0x000000008ab05e38,0x0000000090200000)
 Metaspace       used 121863K, capacity 129226K, committed 129408K, reserved 1161216K
  class space    used 16078K, capacity 17450K, committed 17536K, reserved 1048576K
Event: 1573.132 GC heap after
Heap after GC invocations=46 (full 4):
 PSYoungGen      total 529408K, used 35136K [0x00000000d5580000, 0x00000000fbf80000, 0x0000000100000000)
  eden space 435200K, 0% used [0x00000000d5580000,0x00000000d5580000,0x00000000efe80000)
  from space 94208K, 37% used [0x00000000f6380000,0x00000000f85d0390,0x00000000fbf80000)
  to   space 98816K, 0% used [0x00000000efe80000,0x00000000efe80000,0x00000000f5f00000)
 ParOldGen       total 264192K, used 179255K [0x0000000080000000, 0x0000000090200000, 0x00000000d5580000)
  object space 264192K, 67% used [0x0000000080000000,0x000000008af0dca8,0x0000000090200000)
 Metaspace       used 121863K, capacity 129226K, committed 129408K, reserved 1161216K
  class space    used 16078K, capacity 17450K, committed 17536K, reserved 1048576K
}
Event: 1574.011 GC heap before
{Heap before GC invocations=47 (full 4):
 PSYoungGen      total 529408K, used 470336K [0x00000000d5580000, 0x00000000fbf80000, 0x0000000100000000)
  eden space 435200K, 100% used [0x00000000d5580000,0x00000000efe80000,0x00000000efe80000)
  from space 94208K, 37% used [0x00000000f6380000,0x00000000f85d0390,0x00000000fbf80000)
  to   space 98816K, 0% used [0x00000000efe80000,0x00000000efe80000,0x00000000f5f00000)
 ParOldGen       total 264192K, used 179255K [0x0000000080000000, 0x0000000090200000, 0x00000000d5580000)
  object space 264192K, 67% used [0x0000000080000000,0x000000008af0dca8,0x0000000090200000)
 Metaspace       used 121910K, capacity 129328K, committed 129408K, reserved 1161216K
  class space    used 16083K, capacity 17457K, committed 17536K, reserved 1048576K
Event: 1574.045 GC heap after
Heap after GC invocations=47 (full 4):
 PSYoungGen      total 534016K, used 35064K [0x00000000d5580000, 0x00000000fbf80000, 0x0000000100000000)
  eden space 435200K, 0% used [0x00000000d5580000,0x00000000d5580000,0x00000000efe80000)
  from space 98816K, 35% used [0x00000000efe80000,0x00000000f20be3d0,0x00000000f5f00000)
  to   space 94208K, 0% used [0x00000000f6380000,0x00000000f6380000,0x00000000fbf80000)
 ParOldGen       total 264192K, used 183991K [0x0000000080000000, 0x0000000090200000, 0x00000000d5580000)
  object space 264192K, 69% used [0x0000000080000000,0x000000008b3adc38,0x0000000090200000)
 Metaspace       used 121910K, capacity 129328K, committed 129408K, reserved 1161216K
  class space    used 16083K, capacity 17457K, committed 17536K, reserved 1048576K
}
Event: 1574.728 GC heap before
{Heap before GC invocations=48 (full 4):
 PSYoungGen      total 534016K, used 470264K [0x00000000d5580000, 0x00000000fbf80000, 0x0000000100000000)
  eden space 435200K, 100% used [0x00000000d5580000,0x00000000efe80000,0x00000000efe80000)
  from space 98816K, 35% used [0x00000000efe80000,0x00000000f20be3d0,0x00000000f5f00000)
  to   space 94208K, 0% used [0x00000000f6380000,0x00000000f6380000,0x00000000fbf80000)
 ParOldGen       total 264192K, used 183991K [0x0000000080000000, 0x0000000090200000, 0x00000000d5580000)
  object space 264192K, 69% used [0x0000000080000000,0x000000008b3adc38,0x0000000090200000)
 Metaspace       used 121933K, capacity 129328K, committed 129408K, reserved 1161216K
  class space    used 16083K, capacity 17457K, committed 17536K, reserved 1048576K
Event: 1574.764 GC heap after
Heap after GC invocations=48 (full 4):
 PSYoungGen      total 529408K, used 26705K [0x00000000d5580000, 0x00000000fbf80000, 0x0000000100000000)
  eden space 435200K, 0% used [0x00000000d5580000,0x00000000d5580000,0x00000000efe80000)
  from space 94208K, 28% used [0x00000000f6380000,0x00000000f7d945a0,0x00000000fbf80000)
  to   space 98816K, 0% used [0x00000000efe80000,0x00000000efe80000,0x00000000f5f00000)
 ParOldGen       total 264192K, used 195104K [0x0000000080000000, 0x0000000090200000, 0x00000000d5580000)
  object space 264192K, 73% used [0x0000000080000000,0x000000008be88358,0x0000000090200000)
 Metaspace       used 121933K, capacity 129328K, committed 129408K, reserved 1161216K
  class space    used 16083K, capacity 17457K, committed 17536K, reserved 1048576K
}

