# JRE version: Java(TM) SE Runtime Environment (8.0_202-b08) (build 1.8.0_202-b08)
# Java VM: Java HotSpot(TM) 64-Bit Server VM (25.202-b08 mixed mode windows-amd64 compressed oops)
Heap:
 PSYoungGen      total 155136K, used 90123K [0x00000000d5580000, 0x00000000e2280000, 0x0000000100000000)
  eden space 138240K, 65% used [0x00000000d5580000,0x00000000dad82f08,0x00000000ddc80000)
  from space 16896K, 0% used [0x00000000ddc80000,0x00000000ddc80000,0x00000000ded00000)
  to   space 20992K, 0% used [0x00000000e0e00000,0x00000000e0e00000,0x00000000e2280000)
 ParOldGen       total 105472K, used 35502K [0x0000000080000000, 0x0000000086700000, 0x00000000d5580000)
  object space 105472K, 33% used [0x0000000080000000,0x00000000822aba70,0x0000000086700000)
 Metaspace       used 61094K, capacity 63848K, committed 64000K, reserved 1103872K
  class space    used 8562K, capacity 9122K, committed 9216K, reserved 1048576K
GC Heap History (10 events):
Event: 8.596 GC heap before
{Heap before GC invocations=10 (full 2):
 PSYoungGen      total 131072K, used 8733K [0x00000000d5580000, 0x00000000dea80000, 0x0000000100000000)
  eden space 118272K, 0% used [0x00000000d5580000,0x00000000d5580000,0x00000000dc900000)
  from space 12800K, 68% used [0x00000000dd580000,0x00000000dde07508,0x00000000de200000)
  to   space 12800K, 0% used [0x00000000dc900000,0x00000000dc900000,0x00000000dd580000)
 ParOldGen       total 66048K, used 9363K [0x0000000080000000, 0x0000000084080000, 0x00000000d5580000)
  object space 66048K, 14% used [0x0000000080000000,0x0000000080924c98,0x0000000084080000)
 Metaspace       used 33950K, capacity 35312K, committed 35496K, reserved 1079296K
  class space    used 4700K, capacity 5007K, committed 5120K, reserved 1048576K
Event: 8.684 GC heap after
Heap after GC invocations=10 (full 2):
 PSYoungGen      total 131072K, used 0K [0x00000000d5580000, 0x00000000dea80000, 0x0000000100000000)
  eden space 118272K, 0% used [0x00000000d5580000,0x00000000d5580000,0x00000000dc900000)
  from space 12800K, 0% used [0x00000000dd580000,0x00000000dd580000,0x00000000de200000)
  to   space 12800K, 0% used [0x00000000dc900000,0x00000000dc900000,0x00000000dd580000)
 ParOldGen       total 105472K, used 15326K [0x0000000080000000, 0x0000000086700000, 0x00000000d5580000)
  object space 105472K, 14% used [0x0000000080000000,0x0000000080ef79e8,0x0000000086700000)
 Metaspace       used 33950K, capacity 35312K, committed 35496K, reserved 1079296K
  class space    used 4700K, capacity 5007K, committed 5120K, reserved 1048576K
}
Event: 9.932 GC heap before
{Heap before GC invocations=11 (full 2):
 PSYoungGen      total 131072K, used 118272K [0x00000000d5580000, 0x00000000dea80000, 0x0000000100000000)
  eden space 118272K, 100% used [0x00000000d5580000,0x00000000dc900000,0x00000000dc900000)
  from space 12800K, 0% used [0x00000000dd580000,0x00000000dd580000,0x00000000de200000)
  to   space 12800K, 0% used [0x00000000dc900000,0x00000000dc900000,0x00000000dd580000)
 ParOldGen       total 105472K, used 15326K [0x0000000080000000, 0x0000000086700000, 0x00000000d5580000)
  object space 105472K, 14% used [0x0000000080000000,0x0000000080ef79e8,0x0000000086700000)
 Metaspace       used 38739K, capacity 40724K, committed 40960K, reserved 1085440K
  class space    used 5470K, capacity 5853K, committed 5888K, reserved 1048576K
Event: 9.942 GC heap after
Heap after GC invocations=11 (full 2):
 PSYoungGen      total 131072K, used 9205K [0x00000000d5580000, 0x00000000dfa00000, 0x0000000100000000)
  eden space 118272K, 0% used [0x00000000d5580000,0x00000000d5580000,0x00000000dc900000)
  from space 12800K, 71% used [0x00000000dc900000,0x00000000dd1fd4b0,0x00000000dd580000)
  to   space 13312K, 0% used [0x00000000ded00000,0x00000000ded00000,0x00000000dfa00000)
 ParOldGen       total 105472K, used 15334K [0x0000000080000000, 0x0000000086700000, 0x00000000d5580000)
  object space 105472K, 14% used [0x0000000080000000,0x0000000080ef99e8,0x0000000086700000)
 Metaspace       used 38739K, capacity 40724K, committed 40960K, reserved 1085440K
  class space    used 5470K, capacity 5853K, committed 5888K, reserved 1048576K
}
Event: 11.351 GC heap before
{Heap before GC invocations=12 (full 2):
 PSYoungGen      total 131072K, used 127477K [0x00000000d5580000, 0x00000000dfa00000, 0x0000000100000000)
  eden space 118272K, 100% used [0x00000000d5580000,0x00000000dc900000,0x00000000dc900000)
  from space 12800K, 71% used [0x00000000dc900000,0x00000000dd1fd4b0,0x00000000dd580000)
  to   space 13312K, 0% used [0x00000000ded00000,0x00000000ded00000,0x00000000dfa00000)
 ParOldGen       total 105472K, used 15334K [0x0000000080000000, 0x0000000086700000, 0x00000000d5580000)
  object space 105472K, 14% used [0x0000000080000000,0x0000000080ef99e8,0x0000000086700000)
 Metaspace       used 48895K, capacity 51216K, committed 51584K, reserved 1093632K
  class space    used 6780K, capacity 7198K, committed 7296K, reserved 1048576K
Event: 11.367 GC heap after
Heap after GC invocations=12 (full 2):
 PSYoungGen      total 151552K, used 13292K [0x00000000d5580000, 0x00000000e0080000, 0x0000000100000000)
  eden space 138240K, 0% used [0x00000000d5580000,0x00000000d5580000,0x00000000ddc80000)
  from space 13312K, 99% used [0x00000000ded00000,0x00000000df9fb108,0x00000000dfa00000)
  to   space 16896K, 0% used [0x00000000ddc80000,0x00000000ddc80000,0x00000000ded00000)
 ParOldGen       total 105472K, used 20976K [0x0000000080000000, 0x0000000086700000, 0x00000000d5580000)
  object space 105472K, 19% used [0x0000000080000000,0x000000008147c240,0x0000000086700000)
 Metaspace       used 48895K, capacity 51216K, committed 51584K, reserved 1093632K
  class space    used 6780K, capacity 7198K, committed 7296K, reserved 1048576K
}
Event: 12.426 GC heap before
{Heap before GC invocations=13 (full 2):
 PSYoungGen      total 151552K, used 98535K [0x00000000d5580000, 0x00000000e0080000, 0x0000000100000000)
  eden space 138240K, 61% used [0x00000000d5580000,0x00000000da8bee80,0x00000000ddc80000)
  from space 13312K, 99% used [0x00000000ded00000,0x00000000df9fb108,0x00000000dfa00000)
  to   space 16896K, 0% used [0x00000000ddc80000,0x00000000ddc80000,0x00000000ded00000)
 ParOldGen       total 105472K, used 20976K [0x0000000080000000, 0x0000000086700000, 0x00000000d5580000)
  object space 105472K, 19% used [0x0000000080000000,0x000000008147c240,0x0000000086700000)
 Metaspace       used 56487K, capacity 59086K, committed 59136K, reserved 1099776K
  class space    used 7877K, capacity 8414K, committed 8448K, reserved 1048576K
Event: 12.452 GC heap after
Heap after GC invocations=13 (full 2):
 PSYoungGen      total 155136K, used 16876K [0x00000000d5580000, 0x00000000e2280000, 0x0000000100000000)
  eden space 138240K, 0% used [0x00000000d5580000,0x00000000d5580000,0x00000000ddc80000)
  from space 16896K, 99% used [0x00000000ddc80000,0x00000000decfb330,0x00000000ded00000)
  to   space 20992K, 0% used [0x00000000e0e00000,0x00000000e0e00000,0x00000000e2280000)
 ParOldGen       total 105472K, used 26809K [0x0000000080000000, 0x0000000086700000, 0x00000000d5580000)
  object space 105472K, 25% used [0x0000000080000000,0x0000000081a2e628,0x0000000086700000)
 Metaspace       used 56487K, capacity 59086K, committed 59136K, reserved 1099776K
  class space    used 7877K, capacity 8414K, committed 8448K, reserved 1048576K
}
Event: 12.452 GC heap before
{Heap before GC invocations=14 (full 3):
 PSYoungGen      total 155136K, used 16876K [0x00000000d5580000, 0x00000000e2280000, 0x0000000100000000)
  eden space 138240K, 0% used [0x00000000d5580000,0x00000000d5580000,0x00000000ddc80000)
  from space 16896K, 99% used [0x00000000ddc80000,0x00000000decfb330,0x00000000ded00000)
  to   space 20992K, 0% used [0x00000000e0e00000,0x00000000e0e00000,0x00000000e2280000)
 ParOldGen       total 105472K, used 26809K [0x0000000080000000, 0x0000000086700000, 0x00000000d5580000)
  object space 105472K, 25% used [0x0000000080000000,0x0000000081a2e628,0x0000000086700000)
 Metaspace       used 56487K, capacity 59086K, committed 59136K, reserved 1099776K
  class space    used 7877K, capacity 8414K, committed 8448K, reserved 1048576K
Event: 12.661 GC heap after
Heap after GC invocations=14 (full 3):
 PSYoungGen      total 155136K, used 0K [0x00000000d5580000, 0x00000000e2280000, 0x0000000100000000)
  eden space 138240K, 0% used [0x00000000d5580000,0x00000000d5580000,0x00000000ddc80000)
  from space 16896K, 0% used [0x00000000ddc80000,0x00000000ddc80000,0x00000000ded00000)
  to   space 20992K, 0% used [0x00000000e0e00000,0x00000000e0e00000,0x00000000e2280000)
 ParOldGen       total 105472K, used 35502K [0x0000000080000000, 0x0000000086700000, 0x00000000d5580000)
  object space 105472K, 33% used [0x0000000080000000,0x00000000822aba70,0x0000000086700000)
 Metaspace       used 56437K, capacity 58918K, committed 59136K, reserved 1099776K
  class space    used 7862K, capacity 8386K, committed 8448K, reserved 1048576K
}

