# JRE version: Java(TM) SE Runtime Environment (8.0_202-b08) (build 1.8.0_202-b08)
# Java VM: Java HotSpot(TM) 64-Bit Server VM (25.202-b08 mixed mode windows-amd64 compressed oops)
Heap:
 PSYoungGen      total 188928K, used 114562K [0x00000000d5580000, 0x00000000e2c80000, 0x0000000100000000)
  eden space 175104K, 57% used [0x00000000d5580000,0x00000000db82d068,0x00000000e0080000)
  from space 13824K, 97% used [0x00000000e1f00000,0x00000000e2c338d0,0x00000000e2c80000)
  to   space 22016K, 0% used [0x00000000e0180000,0x00000000e0180000,0x00000000e1700000)
 ParOldGen       total 101376K, used 34481K [0x0000000080000000, 0x0000000086300000, 0x00000000d5580000)
  object space 101376K, 34% used [0x0000000080000000,0x00000000821ac600,0x0000000086300000)
 Metaspace       used 72450K, capacity 75420K, committed 75776K, reserved 1114112K
  class space    used 10101K, capacity 10656K, committed 10752K, reserved 1048576K
GC Heap History (10 events):
Event: 9.944 GC heap before
{Heap before GC invocations=11 (full 2):
 PSYoungGen      total 132608K, used 119808K [0x00000000d5580000, 0x00000000deb00000, 0x0000000100000000)
  eden space 119808K, 100% used [0x00000000d5580000,0x00000000dca80000,0x00000000dca80000)
  from space 12800K, 0% used [0x00000000dd700000,0x00000000dd700000,0x00000000de380000)
  to   space 12800K, 0% used [0x00000000dca80000,0x00000000dca80000,0x00000000dd700000)
 ParOldGen       total 101376K, used 15308K [0x0000000080000000, 0x0000000086300000, 0x00000000d5580000)
  object space 101376K, 15% used [0x0000000080000000,0x0000000080ef3030,0x0000000086300000)
 Metaspace       used 41277K, capacity 43060K, committed 43264K, reserved 1087488K
  class space    used 5709K, capacity 6063K, committed 6144K, reserved 1048576K
Event: 9.959 GC heap after
Heap after GC invocations=11 (full 2):
 PSYoungGen      total 132608K, used 12702K [0x00000000d5580000, 0x00000000e0400000, 0x0000000100000000)
  eden space 119808K, 0% used [0x00000000d5580000,0x00000000d5580000,0x00000000dca80000)
  from space 12800K, 99% used [0x00000000dca80000,0x00000000dd6e7930,0x00000000dd700000)
  to   space 14848K, 0% used [0x00000000df580000,0x00000000df580000,0x00000000e0400000)
 ParOldGen       total 101376K, used 15316K [0x0000000080000000, 0x0000000086300000, 0x00000000d5580000)
  object space 101376K, 15% used [0x0000000080000000,0x0000000080ef5030,0x0000000086300000)
 Metaspace       used 41277K, capacity 43060K, committed 43264K, reserved 1087488K
  class space    used 5709K, capacity 6063K, committed 6144K, reserved 1048576K
}
Event: 11.333 GC heap before
{Heap before GC invocations=12 (full 2):
 PSYoungGen      total 132608K, used 132510K [0x00000000d5580000, 0x00000000e0400000, 0x0000000100000000)
  eden space 119808K, 100% used [0x00000000d5580000,0x00000000dca80000,0x00000000dca80000)
  from space 12800K, 99% used [0x00000000dca80000,0x00000000dd6e7930,0x00000000dd700000)
  to   space 14848K, 0% used [0x00000000df580000,0x00000000df580000,0x00000000e0400000)
 ParOldGen       total 101376K, used 15316K [0x0000000080000000, 0x0000000086300000, 0x00000000d5580000)
  object space 101376K, 15% used [0x0000000080000000,0x0000000080ef5030,0x0000000086300000)
 Metaspace       used 50250K, capacity 52514K, committed 52608K, reserved 1095680K
  class space    used 6858K, capacity 7290K, committed 7296K, reserved 1048576K
Event: 11.350 GC heap after
Heap after GC invocations=12 (full 2):
 PSYoungGen      total 160256K, used 14844K [0x00000000d5580000, 0x00000000e0a80000, 0x0000000100000000)
  eden space 145408K, 0% used [0x00000000d5580000,0x00000000d5580000,0x00000000de380000)
  from space 14848K, 99% used [0x00000000df580000,0x00000000e03ff1b8,0x00000000e0400000)
  to   space 18432K, 0% used [0x00000000de380000,0x00000000de380000,0x00000000df580000)
 ParOldGen       total 101376K, used 20326K [0x0000000080000000, 0x0000000086300000, 0x00000000d5580000)
  object space 101376K, 20% used [0x0000000080000000,0x00000000813d9928,0x0000000086300000)
 Metaspace       used 50250K, capacity 52514K, committed 52608K, reserved 1095680K
  class space    used 6858K, capacity 7290K, committed 7296K, reserved 1048576K
}
Event: 12.269 GC heap before
{Heap before GC invocations=13 (full 2):
 PSYoungGen      total 160256K, used 98863K [0x00000000d5580000, 0x00000000e0a80000, 0x0000000100000000)
  eden space 145408K, 57% used [0x00000000d5580000,0x00000000da78cd48,0x00000000de380000)
  from space 14848K, 99% used [0x00000000df580000,0x00000000e03ff1b8,0x00000000e0400000)
  to   space 18432K, 0% used [0x00000000de380000,0x00000000de380000,0x00000000df580000)
 ParOldGen       total 101376K, used 20326K [0x0000000080000000, 0x0000000086300000, 0x00000000d5580000)
  object space 101376K, 20% used [0x0000000080000000,0x00000000813d9928,0x0000000086300000)
 Metaspace       used 56615K, capacity 58994K, committed 59136K, reserved 1099776K
  class space    used 7653K, capacity 8098K, committed 8192K, reserved 1048576K
Event: 12.294 GC heap after
Heap after GC invocations=13 (full 2):
 PSYoungGen      total 163840K, used 18419K [0x00000000d5580000, 0x00000000e3480000, 0x0000000100000000)
  eden space 145408K, 0% used [0x00000000d5580000,0x00000000d5580000,0x00000000de380000)
  from space 18432K, 99% used [0x00000000de380000,0x00000000df57ced8,0x00000000df580000)
  to   space 22016K, 0% used [0x00000000e1f00000,0x00000000e1f00000,0x00000000e3480000)
 ParOldGen       total 101376K, used 23679K [0x0000000080000000, 0x0000000086300000, 0x00000000d5580000)
  object space 101376K, 23% used [0x0000000080000000,0x000000008171ff78,0x0000000086300000)
 Metaspace       used 56615K, capacity 58994K, committed 59136K, reserved 1099776K
  class space    used 7653K, capacity 8098K, committed 8192K, reserved 1048576K
}
Event: 12.294 GC heap before
{Heap before GC invocations=14 (full 3):
 PSYoungGen      total 163840K, used 18419K [0x00000000d5580000, 0x00000000e3480000, 0x0000000100000000)
  eden space 145408K, 0% used [0x00000000d5580000,0x00000000d5580000,0x00000000de380000)
  from space 18432K, 99% used [0x00000000de380000,0x00000000df57ced8,0x00000000df580000)
  to   space 22016K, 0% used [0x00000000e1f00000,0x00000000e1f00000,0x00000000e3480000)
 ParOldGen       total 101376K, used 23679K [0x0000000080000000, 0x0000000086300000, 0x00000000d5580000)
  object space 101376K, 23% used [0x0000000080000000,0x000000008171ff78,0x0000000086300000)
 Metaspace       used 56615K, capacity 58994K, committed 59136K, reserved 1099776K
  class space    used 7653K, capacity 8098K, committed 8192K, reserved 1048576K
Event: 12.481 GC heap after
Heap after GC invocations=14 (full 3):
 PSYoungGen      total 163840K, used 0K [0x00000000d5580000, 0x00000000e3480000, 0x0000000100000000)
  eden space 145408K, 0% used [0x00000000d5580000,0x00000000d5580000,0x00000000de380000)
  from space 18432K, 0% used [0x00000000de380000,0x00000000de380000,0x00000000df580000)
  to   space 22016K, 0% used [0x00000000e1f00000,0x00000000e1f00000,0x00000000e3480000)
 ParOldGen       total 101376K, used 34473K [0x0000000080000000, 0x0000000086300000, 0x00000000d5580000)
  object space 101376K, 34% used [0x0000000080000000,0x00000000821aa600,0x0000000086300000)
 Metaspace       used 56506K, capacity 58726K, committed 59136K, reserved 1099776K
  class space    used 7618K, capacity 8051K, committed 8192K, reserved 1048576K
}
Event: 14.148 GC heap before
{Heap before GC invocations=15 (full 3):
 PSYoungGen      total 163840K, used 145408K [0x00000000d5580000, 0x00000000e3480000, 0x0000000100000000)
  eden space 145408K, 100% used [0x00000000d5580000,0x00000000de380000,0x00000000de380000)
  from space 18432K, 0% used [0x00000000de380000,0x00000000de380000,0x00000000df580000)
  to   space 22016K, 0% used [0x00000000e1f00000,0x00000000e1f00000,0x00000000e3480000)
 ParOldGen       total 101376K, used 34473K [0x0000000080000000, 0x0000000086300000, 0x00000000d5580000)
  object space 101376K, 34% used [0x0000000080000000,0x00000000821aa600,0x0000000086300000)
 Metaspace       used 65650K, capacity 68502K, committed 68608K, reserved 1107968K
  class space    used 9101K, capacity 9673K, committed 9728K, reserved 1048576K
Event: 14.165 GC heap after
Heap after GC invocations=15 (full 3):
 PSYoungGen      total 188928K, used 13518K [0x00000000d5580000, 0x00000000e2c80000, 0x0000000100000000)
  eden space 175104K, 0% used [0x00000000d5580000,0x00000000d5580000,0x00000000e0080000)
  from space 13824K, 97% used [0x00000000e1f00000,0x00000000e2c338d0,0x00000000e2c80000)
  to   space 22016K, 0% used [0x00000000e0180000,0x00000000e0180000,0x00000000e1700000)
 ParOldGen       total 101376K, used 34481K [0x0000000080000000, 0x0000000086300000, 0x00000000d5580000)
  object space 101376K, 34% used [0x0000000080000000,0x00000000821ac600,0x0000000086300000)
 Metaspace       used 65650K, capacity 68502K, committed 68608K, reserved 1107968K
  class space    used 9101K, capacity 9673K, committed 9728K, reserved 1048576K
}

